{"D:\\cohort\\assignments\\week-3\\01-middlewares\\02-ratelimitter.js": {"path":"D:\\cohort\\assignments\\week-3\\01-middlewares\\02-ratelimitter.js","all":false,"statementMap":{"0":{"start":{"line":1,"column":0},"end":{"line":1,"column":35}},"1":{"start":{"line":2,"column":0},"end":{"line":2,"column":22}},"2":{"start":{"line":3,"column":0},"end":{"line":3,"column":67}},"3":{"start":{"line":4,"column":0},"end":{"line":4,"column":66}},"4":{"start":{"line":5,"column":0},"end":{"line":5,"column":67}},"5":{"start":{"line":6,"column":0},"end":{"line":6,"column":70}},"6":{"start":{"line":7,"column":0},"end":{"line":7,"column":32}},"7":{"start":{"line":8,"column":0},"end":{"line":8,"column":67}},"8":{"start":{"line":9,"column":0},"end":{"line":9,"column":79}},"9":{"start":{"line":10,"column":0},"end":{"line":10,"column":26}},"10":{"start":{"line":11,"column":0},"end":{"line":11,"column":0}},"11":{"start":{"line":12,"column":0},"end":{"line":12,"column":33}},"12":{"start":{"line":13,"column":0},"end":{"line":13,"column":19}},"13":{"start":{"line":14,"column":0},"end":{"line":14,"column":33}},"14":{"start":{"line":15,"column":0},"end":{"line":15,"column":8}},"15":{"start":{"line":16,"column":0},"end":{"line":16,"column":0}},"16":{"start":{"line":17,"column":0},"end":{"line":17,"column":25}},"17":{"start":{"line":18,"column":0},"end":{"line":18,"column":38}},"18":{"start":{"line":19,"column":0},"end":{"line":19,"column":38}},"19":{"start":{"line":20,"column":0},"end":{"line":20,"column":38}},"20":{"start":{"line":21,"column":0},"end":{"line":21,"column":42}},"21":{"start":{"line":22,"column":0},"end":{"line":22,"column":51}},"22":{"start":{"line":23,"column":0},"end":{"line":23,"column":5}},"23":{"start":{"line":24,"column":0},"end":{"line":24,"column":9}},"24":{"start":{"line":25,"column":0},"end":{"line":25,"column":40}},"25":{"start":{"line":26,"column":0},"end":{"line":26,"column":13}},"26":{"start":{"line":27,"column":0},"end":{"line":27,"column":5}},"27":{"start":{"line":28,"column":0},"end":{"line":28,"column":0}},"28":{"start":{"line":29,"column":0},"end":{"line":29,"column":9}},"29":{"start":{"line":30,"column":0},"end":{"line":30,"column":40}},"30":{"start":{"line":31,"column":0},"end":{"line":31,"column":11}},"31":{"start":{"line":32,"column":0},"end":{"line":32,"column":3}},"32":{"start":{"line":33,"column":0},"end":{"line":33,"column":2}},"33":{"start":{"line":34,"column":0},"end":{"line":34,"column":0}},"34":{"start":{"line":35,"column":0},"end":{"line":35,"column":37}},"35":{"start":{"line":36,"column":0},"end":{"line":36,"column":41}},"36":{"start":{"line":37,"column":0},"end":{"line":37,"column":3}},"37":{"start":{"line":38,"column":0},"end":{"line":38,"column":0}},"38":{"start":{"line":39,"column":0},"end":{"line":39,"column":38}},"39":{"start":{"line":40,"column":0},"end":{"line":40,"column":54}},"40":{"start":{"line":41,"column":0},"end":{"line":41,"column":3}},"41":{"start":{"line":42,"column":0},"end":{"line":42,"column":0}},"42":{"start":{"line":43,"column":0},"end":{"line":43,"column":21}}},"s":{"0":1,"1":1,"2":1,"3":1,"4":1,"5":1,"6":1,"7":1,"8":1,"9":1,"10":1,"11":1,"12":1,"13":7,"14":1,"15":1,"16":1,"17":13,"18":13,"19":10,"20":10,"21":6,"22":6,"23":4,"24":4,"25":4,"26":4,"27":10,"28":13,"29":3,"30":3,"31":3,"32":13,"33":1,"34":1,"35":7,"36":1,"37":1,"38":1,"39":0,"40":1,"41":1,"42":1},"branchMap":{"0":{"type":"branch","line":13,"loc":{"start":{"line":13,"column":12},"end":{"line":15,"column":3}},"locations":[{"start":{"line":13,"column":12},"end":{"line":15,"column":3}}]},"1":{"type":"branch","line":17,"loc":{"start":{"line":17,"column":8},"end":{"line":33,"column":2}},"locations":[{"start":{"line":17,"column":8},"end":{"line":33,"column":2}}]},"2":{"type":"branch","line":19,"loc":{"start":{"line":19,"column":37},"end":{"line":29,"column":3}},"locations":[{"start":{"line":19,"column":37},"end":{"line":29,"column":3}}]},"3":{"type":"branch","line":21,"loc":{"start":{"line":21,"column":41},"end":{"line":23,"column":5}},"locations":[{"start":{"line":21,"column":41},"end":{"line":23,"column":5}}]},"4":{"type":"branch","line":24,"loc":{"start":{"line":24,"column":-2},"end":{"line":27,"column":5}},"locations":[{"start":{"line":24,"column":-2},"end":{"line":27,"column":5}}]},"5":{"type":"branch","line":29,"loc":{"start":{"line":29,"column":3},"end":{"line":32,"column":3}},"locations":[{"start":{"line":29,"column":3},"end":{"line":32,"column":3}}]},"6":{"type":"branch","line":35,"loc":{"start":{"line":35,"column":17},"end":{"line":37,"column":2}},"locations":[{"start":{"line":35,"column":17},"end":{"line":37,"column":2}}]}},"b":{"0":[7],"1":[13],"2":[10],"3":[6],"4":[4],"5":[3],"6":[7]},"fnMap":{},"f":{}}
}
